---------------------------------------
Resource Usage Report for top_module 

Mapping to part: ice40hx1ktq144
Cell usage:
GND             2 uses
SB_CARRY        21 uses
SB_DFF          1 use
SB_DFFER        3 uses
SB_DFFES        1 use
SB_DFFSR        23 uses
SB_GB           1 use
VCC             2 uses
SB_LUT4         33 uses

I/O ports: 6
I/O primitives: 6
SB_GB_IO       1 use
SB_IO          5 uses

I/O Register bits:                  0
Register bits not including I/Os:   28 (2%)

@S |Mapping Summary:
Total  LUTs: 33 (2%)

Distribution of All Consumed LUTs = LUT4 
Distribution of All Consumed Luts 33 = 33 

