* ******************************************************************************

* iCEcube Placer

* Version:            2020.12.27943

* Build Date:         Dec  9 2020 17:55:50

* File Generated:     Sep 19 2024 18:23:54

* Purpose:            

* Copyright (C) 2006-2010 by Lattice Semiconductor Corp. All rights reserved.

* ******************************************************************************

Executing : C:\HDL\IceStick\IceCube\sbt_backend\bin\win32\opt\sbtplacer.exe --des-lib C:/HDL/IceStick/Projects/blink_leds/blink_leds_icecube/blink_leds_icecube_Implmnt\sbt\netlist\oadb-blink_leds --outdir C:/HDL/IceStick/Projects/blink_leds/blink_leds_icecube/blink_leds_icecube_Implmnt\sbt\outputs\placer --device-file C:\HDL\IceStick\IceCube\sbt_backend\devices\ICE40P01.dev --package TQ144 --deviceMarketName iCE40HX1K --sdc-file C:/HDL/IceStick/Projects/blink_leds/blink_leds_icecube/blink_leds_icecube_Implmnt\sbt\Temp/sbt_temp.sdc --lib-file C:\HDL\IceStick\IceCube\sbt_backend\devices\ice40HX1K.lib --effort_level std --out-sdc-file C:/HDL/IceStick/Projects/blink_leds/blink_leds_icecube/blink_leds_icecube_Implmnt\sbt\outputs\placer\blink_leds_pl.sdc
I2004: Option and Settings Summary
=============================================================
Device file          - C:\HDL\IceStick\IceCube\sbt_backend\devices\ICE40P01.dev
Package              - TQ144
Design database      - C:/HDL/IceStick/Projects/blink_leds/blink_leds_icecube/blink_leds_icecube_Implmnt\sbt\netlist\oadb-blink_leds
SDC file             - C:/HDL/IceStick/Projects/blink_leds/blink_leds_icecube/blink_leds_icecube_Implmnt\sbt\Temp/sbt_temp.sdc
Output directory     - C:/HDL/IceStick/Projects/blink_leds/blink_leds_icecube/blink_leds_icecube_Implmnt\sbt\outputs\placer
Timing library       - C:\HDL\IceStick\IceCube\sbt_backend\devices\ice40HX1K.lib
Effort level         - std

I2050: Starting reading inputs for placer
=============================================================
I2100: Reading design library: C:/HDL/IceStick/Projects/blink_leds/blink_leds_icecube/blink_leds_icecube_Implmnt\sbt\netlist\oadb-blink_leds/BFPGA_DESIGN_ep
I2065: Reading device file : C:\HDL\IceStick\IceCube\sbt_backend\devices\ICE40P01.dev
I2051: Reading of inputs for placer completed successfully

I2053: Starting placement of the design
=============================================================

Input Design Statistics
    Number of LUTs      	:	0
    Number of DFFs      	:	4
    Number of DFFs packed to IO	:	0
    Number of Carrys    	:	0
    Number of RAMs      	:	0
    Number of ROMs      	:	0
    Number of IOs       	:	5
    Number of GBIOs     	:	1
    Number of GBs       	:	0
    Number of WarmBoot  	:	0
    Number of PLLs      	:	0


Phase 1
I2077: Start design legalization

Design Legalization Statistics
    Number of feedthru LUTs inserted to legalize input of DFFs     	:	4
    Number of feedthru LUTs inserted for LUTs driving multiple DFFs	:	0
    Number of LUTs replicated for LUTs driving multiple DFFs       	:	0
    Number of feedthru LUTs inserted to legalize output of CARRYs  	:	0
    Number of feedthru LUTs inserted to legalize global signals    	:	0
    Number of feedthru CARRYs inserted to legalize input of CARRYs 	:	0
    Number of inserted LUTs to Legalize IOs with PIN_TYPE= 01xxxx  	:	0
    Number of inserted LUTs to Legalize IOs with PIN_TYPE= 10xxxx  	:	0
    Number of inserted LUTs to Legalize IOs with PIN_TYPE= 11xxxx  	:	0
    Total LUTs inserted                                            	:	4
    Total CARRYs inserted                                          	:	0


I2078: Design legalization is completed successfully
I2088: Phase 1, elapsed time : 0.0 (sec)


Phase 2
I2088: Phase 2, elapsed time : 0.0 (sec)

Phase 3

Design Statistics after Packing
    Number of LUTs      	:	4
    Number of DFFs      	:	4
    Number of DFFs packed to IO	:	0
    Number of Carrys    	:	0

Device Utilization Summary after Packing
    Sequential LogicCells
        LUT and DFF      	:	4
        LUT, DFF and CARRY	:	0
    Combinational LogicCells
        Only LUT         	:	0
        CARRY Only       	:	0
        LUT with CARRY   	:	0
    LogicCells                  :	4/1280
    PLBs                        :	1/160
    BRAMs                       :	0/16
    IOs and GBIOs               :	6/96
    PLLs                        :	0/1


I2088: Phase 3, elapsed time : 0.2 (sec)

Phase 4
I2088: Phase 4, elapsed time : 0.1 (sec)

Phase 5
I2088: Phase 5, elapsed time : 0.0 (sec)

Phase 6
I2088: Phase 6, elapsed time : 1.0 (sec)

Final Design Statistics
    Number of LUTs      	:	4
    Number of DFFs      	:	4
    Number of DFFs packed to IO	:	0
    Number of Carrys    	:	0
    Number of RAMs      	:	0
    Number of ROMs      	:	0
    Number of IOs       	:	5
    Number of GBIOs     	:	1
    Number of GBs       	:	0
    Number of WarmBoot  	:	0
    Number of PLLs      	:	0

Device Utilization Summary
    LogicCells                  :	4/1280
    PLBs                        :	1/160
    BRAMs                       :	0/16
    IOs and GBIOs               :	6/96
    PLLs                        :	0/1



#####################################################################
Placement Timing Summary

The timing summary is based on estimated routing delays after
placement. For final timing report, please carry out the timing
analysis after routing.
=====================================================================

#####################################################################
                     Clock Summary 
=====================================================================
Number of clocks: 1
Clock: blink_leds|enable | Frequency: 606.96 MHz | Target: 366.30 MHz

=====================================================================
                     End of Clock Summary
#####################################################################

I2054: Placement of design completed successfully

I2076: Placer run-time: 1.6 sec.

